{"api":{"port":8081},"level":"debug","message":"Starting cashier with configuration file:","timestamp":"2017-02-19T00:03:29.089Z"}
{"api":{"port":8081},"level":"debug","message":"Starting cashier with configuration file:","timestamp":"2017-02-19T00:04:56.246Z"}
{"api":{"port":8081},"level":"debug","message":"Starting cashier with configuration file:","timestamp":"2017-02-19T00:08:34.319Z"}
{"level":"info","message":"----\n==> API is running on port 8081","timestamp":"2017-02-19T00:08:34.335Z"}
{"level":"info","message":"==> Send requests to http://dhost:8081","timestamp":"2017-02-19T00:08:34.336Z"}
{"api":{"port":8081},"level":"debug","message":"Starting cashier with configuration file:","timestamp":"2017-02-19T00:16:18.815Z"}
{"level":"info","message":"----\n==> API is running on port 8081","timestamp":"2017-02-19T00:16:18.830Z"}
{"level":"info","message":"==> Send requests to http://dhost:8081","timestamp":"2017-02-19T00:16:18.831Z"}
{"api":{"port":8081},"level":"debug","message":"Starting cashier with configuration file:","timestamp":"2017-02-19T00:16:46.851Z"}
{"level":"info","message":"API is running on port 8081","timestamp":"2017-02-19T00:16:46.866Z"}
{"level":"info","message":"Send requests to http://dhost:8081","timestamp":"2017-02-19T00:16:46.867Z"}
{"api":{"port":8081},"level":"debug","message":"Starting cashier with configuration file:","timestamp":"2017-02-19T00:23:05.279Z"}
{"level":"info","message":"API is running on port 8081","timestamp":"2017-02-19T00:23:05.294Z"}
{"level":"info","message":"Send requests to http://dhost:8081","timestamp":"2017-02-19T00:23:05.295Z"}
{"api":{"port":8081},"level":"debug","message":"Starting cashier with configuration file:","timestamp":"2017-02-19T00:56:46.394Z"}
{"level":"info","message":"API is running on port 8081","timestamp":"2017-02-19T00:56:46.410Z"}
{"level":"info","message":"Send requests to http://dhost:undefined","timestamp":"2017-02-19T00:56:46.410Z"}
{"api":{"port":8081},"level":"debug","message":"Starting cashier with configuration file:","timestamp":"2017-02-19T01:40:26.948Z"}
{"level":"info","message":"API is running on port 8081","timestamp":"2017-02-19T01:40:26.972Z"}
{"level":"info","message":"Send requests to http://dhost:undefined","timestamp":"2017-02-19T01:40:26.973Z"}
{"api":{"port":8081},"level":"debug","message":"Starting cashier with configuration file:","timestamp":"2017-02-19T01:44:20.536Z"}
{"level":"info","message":"API is running on port 8081","timestamp":"2017-02-19T01:44:20.552Z"}
{"level":"info","message":"Send requests to http://dhost:8081","timestamp":"2017-02-19T01:44:20.553Z"}
{"api":{"port":8081},"level":"debug","message":"Starting cashier with configuration file:","timestamp":"2017-02-19T01:51:40.948Z"}
{"level":"info","message":"API is running on port 8081","timestamp":"2017-02-19T01:51:40.965Z"}
{"level":"info","message":"Send requests to http://dhost:8081","timestamp":"2017-02-19T01:51:40.965Z"}
{"api":{"port":8081},"level":"debug","message":"Starting cashier with configuration file:","timestamp":"2017-02-19T01:55:17.980Z"}
{"level":"info","message":"get","timestamp":"2017-02-19T01:55:17.988Z"}
{"level":"info","message":"API is running on port 8081","timestamp":"2017-02-19T01:55:17.997Z"}
{"level":"info","message":"Send requests to http://dhost:8081","timestamp":"2017-02-19T01:55:17.997Z"}
{"api":{"port":8081},"level":"debug","message":"Starting cashier with configuration file:","timestamp":"2017-02-19T01:56:02.599Z"}
{"level":"info","message":"API is running on port 8081","timestamp":"2017-02-19T01:56:02.615Z"}
{"level":"info","message":"Send requests to http://dhost:8081","timestamp":"2017-02-19T01:56:02.616Z"}
{"api":{"port":8081},"level":"debug","message":"Starting cashier with configuration file:","timestamp":"2017-02-19T02:12:10.031Z"}
{"level":"info","message":"API is running on port 8081","timestamp":"2017-02-19T02:12:10.047Z"}
{"level":"info","message":"Send requests to http://dhost:8081","timestamp":"2017-02-19T02:12:10.048Z"}
{"api":{"port":8081},"level":"debug","message":"Starting cashier with configuration file:","timestamp":"2017-02-19T02:13:54.168Z"}
{"level":"info","message":"API is running on port 8081","timestamp":"2017-02-19T02:13:54.184Z"}
{"level":"info","message":"Send requests to http://dhost:8081","timestamp":"2017-02-19T02:13:54.185Z"}
{"api":{"port":8081},"level":"debug","message":"Starting cashier with configuration file:","timestamp":"2017-02-19T02:14:33.686Z"}
{"level":"info","message":"API is running on port 8081","timestamp":"2017-02-19T02:14:33.702Z"}
{"level":"info","message":"Send requests to http://dhost:8081","timestamp":"2017-02-19T02:14:33.703Z"}
{"api":{"port":8081},"level":"debug","message":"Starting cashier with configuration file:","timestamp":"2017-02-19T02:18:46.288Z"}
{"level":"info","message":"API is running on port 8081","timestamp":"2017-02-19T02:18:46.304Z"}
{"level":"info","message":"Send requests to http://dhost:8081","timestamp":"2017-02-19T02:18:46.305Z"}
{"api":{"port":8081},"level":"debug","message":"Starting cashier with configuration file:","timestamp":"2017-02-19T02:19:33.742Z"}
{"level":"info","message":"API is running on port 8081","timestamp":"2017-02-19T02:19:33.758Z"}
{"level":"info","message":"Send requests to http://dhost:8081","timestamp":"2017-02-19T02:19:33.759Z"}
{"api":{"port":8081},"level":"debug","message":"Starting cashier with configuration file:","timestamp":"2017-02-19T11:01:26.617Z"}
{"level":"info","message":"API is running on port 8081","timestamp":"2017-02-19T11:01:26.646Z"}
{"level":"info","message":"Send requests to http://dhost:8081","timestamp":"2017-02-19T11:01:26.646Z"}
{"api":{"port":8081},"level":"debug","message":"Starting cashier with configuration file:","timestamp":"2017-02-19T11:02:38.582Z"}
{"level":"info","message":"API is running on port 8081","timestamp":"2017-02-19T11:02:38.598Z"}
{"level":"info","message":"Send requests to http://dhost:8081","timestamp":"2017-02-19T11:02:38.599Z"}
{"api":{"port":8081},"level":"debug","message":"Starting cashier with configuration file:","timestamp":"2017-02-19T11:03:48.887Z"}
{"level":"info","message":"API is running on port 8081","timestamp":"2017-02-19T11:03:48.903Z"}
{"level":"info","message":"Send requests to http://dhost:8081","timestamp":"2017-02-19T11:03:48.904Z"}
{"api":{"port":8081},"level":"debug","message":"Starting cashier with configuration file:","timestamp":"2017-02-19T11:05:46.745Z"}
{"level":"info","message":"API is running on port 8081","timestamp":"2017-02-19T11:05:46.761Z"}
{"level":"info","message":"Send requests to http://dhost:8081","timestamp":"2017-02-19T11:05:46.762Z"}
{"api":{"port":8081},"level":"debug","message":"Starting cashier with configuration file:","timestamp":"2017-02-19T11:06:04.653Z"}
{"level":"info","message":"API is running on port 8081","timestamp":"2017-02-19T11:06:04.670Z"}
{"level":"info","message":"Send requests to http://dhost:8081","timestamp":"2017-02-19T11:06:04.670Z"}
{"api":{"port":8081},"mongodb":{"uri":"mongodb://localhost/cashier"},"level":"debug","message":"Starting cashier with configuration file:","timestamp":"2017-02-19T12:49:51.854Z"}
{"api":{"port":8081},"mongodb":{"uri":"mongodb://localhost/cashier"},"level":"debug","message":"Starting cashier with configuration file:","timestamp":"2017-02-19T12:51:23.863Z"}
{"level":"info","message":"API is running on port 8081","timestamp":"2017-02-19T12:51:24.144Z"}
{"level":"info","message":"Send requests to http://dhost:8081","timestamp":"2017-02-19T12:51:24.145Z"}
{"message":"failed to connect to server [localhost:27017] on first connect","name":"MongoError","stack":"MongoError: failed to connect to server [localhost:27017] on first connect\n    at Pool.<anonymous> (/home/dvilela/sandbox/cashier/node_modules/mongodb-core/lib/topologies/server.js:326:35)\n    at emitOne (events.js:96:13)\n    at Pool.emit (events.js:189:7)\n    at Connection.<anonymous> (/home/dvilela/sandbox/cashier/node_modules/mongodb-core/lib/connection/pool.js:270:12)\n    at Object.onceWrapper (events.js:291:19)\n    at emitTwo (events.js:106:13)\n    at Connection.emit (events.js:192:7)\n    at Socket.<anonymous> (/home/dvilela/sandbox/cashier/node_modules/mongodb-core/lib/connection/connection.js:175:49)\n    at Object.onceWrapper (events.js:291:19)\n    at emitOne (events.js:96:13)\n    at Socket.emit (events.js:189:7)\n    at emitErrorNT (net.js:1280:8)\n    at _combinedTickCallback (internal/process/next_tick.js:74:11)\n    at process._tickCallback (internal/process/next_tick.js:98:9)","level":"error","timestamp":"2017-02-19T12:51:24.155Z"}
{"api":{"port":8081},"mongodb":{"uri":"mongodb://localhost/cashier"},"level":"debug","message":"Starting cashier with configuration file:","timestamp":"2017-02-19T12:56:01.026Z"}
{"level":"info","message":"API is running on port 8081","timestamp":"2017-02-19T12:56:01.318Z"}
{"level":"info","message":"Send requests to http://dhost:8081","timestamp":"2017-02-19T12:56:01.318Z"}
{"message":"failed to connect to server [localhost:27017] on first connect","name":"MongoError","stack":"MongoError: failed to connect to server [localhost:27017] on first connect\n    at Pool.<anonymous> (/home/dvilela/sandbox/cashier/node_modules/mongodb-core/lib/topologies/server.js:326:35)\n    at emitOne (events.js:96:13)\n    at Pool.emit (events.js:189:7)\n    at Connection.<anonymous> (/home/dvilela/sandbox/cashier/node_modules/mongodb-core/lib/connection/pool.js:270:12)\n    at Object.onceWrapper (events.js:291:19)\n    at emitTwo (events.js:106:13)\n    at Connection.emit (events.js:192:7)\n    at Socket.<anonymous> (/home/dvilela/sandbox/cashier/node_modules/mongodb-core/lib/connection/connection.js:175:49)\n    at Object.onceWrapper (events.js:291:19)\n    at emitOne (events.js:96:13)\n    at Socket.emit (events.js:189:7)\n    at emitErrorNT (net.js:1280:8)\n    at _combinedTickCallback (internal/process/next_tick.js:74:11)\n    at process._tickCallback (internal/process/next_tick.js:98:9)","level":"error","timestamp":"2017-02-19T12:56:01.329Z"}
{"api":{"port":8081},"mongodb":{"uri":"mongodb://localhost/cashier"},"level":"debug","message":"Starting cashier with configuration file:","timestamp":"2017-02-19T13:02:32.515Z"}
{"level":"info","message":"API is running on port 8081","timestamp":"2017-02-19T13:02:33.264Z"}
{"level":"info","message":"Send requests to http://dhost:8081","timestamp":"2017-02-19T13:02:33.265Z"}
{"message":"failed to connect to server [localhost:27017] on first connect","name":"MongoError","stack":"MongoError: failed to connect to server [localhost:27017] on first connect\n    at Pool.eventHandler (/home/dvilela/sandbox/cashier/node_modules/mongodb-core/lib/topologies/server.js:326:35)\n    at emitOne (events.js:96:13)\n    at Pool.emit (events.js:189:7)\n    at Connection.<anonymous> (/home/dvilela/sandbox/cashier/node_modules/mongodb-core/lib/connection/pool.js:270:12)\n    at Object.onceWrapper (events.js:291:19)\n    at emitTwo (events.js:106:13)\n    at Connection.emit (events.js:192:7)\n    at Socket.errorHandler (/home/dvilela/sandbox/cashier/node_modules/mongodb-core/lib/connection/connection.js:175:49)\n    at Object.onceWrapper (events.js:291:19)\n    at emitOne (events.js:96:13)\n    at Socket.emit (events.js:189:7)\n    at emitErrorNT (net.js:1280:8)\n    at _combinedTickCallback (internal/process/next_tick.js:74:11)\n    at process._tickCallback (internal/process/next_tick.js:98:9)","level":"error","timestamp":"2017-02-19T13:02:33.269Z"}
{"api":{"port":8081},"mongodb":{"uri":"mongodb://localhost/cashier"},"level":"debug","message":"Starting cashier with configuration file:","timestamp":"2017-02-19T13:03:15.925Z"}
{"api":{"port":8081},"mongodb":{"uri":"mongodb://localhost/cashier"},"level":"debug","message":"Starting cashier with configuration file:","timestamp":"2017-02-19T13:27:08.010Z"}
{"level":"info","message":"API is running on port 8081","timestamp":"2017-02-19T13:27:08.294Z"}
{"level":"info","message":"Send requests to http://dhost:8081","timestamp":"2017-02-19T13:27:08.295Z"}
{"message":"failed to connect to server [localhost:27017] on first connect","name":"MongoError","stack":"MongoError: failed to connect to server [localhost:27017] on first connect\n    at Pool.<anonymous> (/home/dvilela/sandbox/cashier/node_modules/mongodb-core/lib/topologies/server.js:326:35)\n    at emitOne (events.js:96:13)\n    at Pool.emit (events.js:189:7)\n    at Connection.<anonymous> (/home/dvilela/sandbox/cashier/node_modules/mongodb-core/lib/connection/pool.js:270:12)\n    at Object.onceWrapper (events.js:291:19)\n    at emitTwo (events.js:106:13)\n    at Connection.emit (events.js:192:7)\n    at Socket.<anonymous> (/home/dvilela/sandbox/cashier/node_modules/mongodb-core/lib/connection/connection.js:175:49)\n    at Object.onceWrapper (events.js:291:19)\n    at emitOne (events.js:96:13)\n    at Socket.emit (events.js:189:7)\n    at emitErrorNT (net.js:1280:8)\n    at _combinedTickCallback (internal/process/next_tick.js:74:11)\n    at process._tickCallback (internal/process/next_tick.js:98:9)","level":"error","timestamp":"2017-02-19T13:27:08.305Z"}
{"api":{"port":8081},"mongodb":{"uri":"mongodb://172.17.0.2/cashier"},"level":"debug","message":"Starting cashier with configuration file:","timestamp":"2017-02-19T13:33:22.077Z"}
{"level":"info","message":"API is running on port 8081","timestamp":"2017-02-19T13:33:22.416Z"}
{"level":"info","message":"Send requests to http://dhost:8081","timestamp":"2017-02-19T13:33:22.417Z"}
{"api":{"port":8081},"mongodb":{"uri":"mongodb://172.17.0.2/cashier"},"level":"debug","message":"Starting cashier with configuration file:","timestamp":"2017-02-19T13:37:48.806Z"}
{"level":"info","message":"API is running on port 8081","timestamp":"2017-02-19T13:37:49.183Z"}
{"level":"info","message":"Send requests to http://dhost:8081","timestamp":"2017-02-19T13:37:49.183Z"}
{"api":{"port":8081},"mongodb":{"uri":"mongodb://172.17.0.2/cashier"},"level":"debug","message":"Starting cashier with configuration file:","timestamp":"2017-02-19T13:42:26.603Z"}
{"level":"info","message":"API is running on port 8081","timestamp":"2017-02-19T13:42:26.982Z"}
{"level":"info","message":"Send requests to http://dhost:8081","timestamp":"2017-02-19T13:42:26.983Z"}
{"api":{"port":8081},"mongodb":{"uri":"mongodb://172.17.0.2/cashier"},"level":"debug","message":"Starting cashier with configuration file:","timestamp":"2017-02-19T13:43:54.242Z"}
{"level":"info","message":"API is running on port 8081","timestamp":"2017-02-19T13:43:54.626Z"}
{"level":"info","message":"Send requests to http://dhost:8081","timestamp":"2017-02-19T13:43:54.627Z"}
{"level":"debug","message":"","timestamp":"2017-02-19T13:44:25.926Z"}
{"api":{"port":8081},"mongodb":{"uri":"mongodb://172.17.0.2/cashier"},"level":"debug","message":"Starting cashier with configuration file:","timestamp":"2017-02-19T13:45:42.106Z"}
{"level":"info","message":"API is running on port 8081","timestamp":"2017-02-19T13:45:42.489Z"}
{"level":"info","message":"Send requests to http://dhost:8081","timestamp":"2017-02-19T13:45:42.490Z"}
{"level":"debug","message":"bank","timestamp":"2017-02-19T13:45:47.137Z"}
{"api":{"port":8081},"mongodb":{"uri":"mongodb://172.17.0.2/cashier"},"level":"debug","message":"Starting cashier with configuration file:","timestamp":"2017-02-19T13:46:41.378Z"}
{"level":"info","message":"API is running on port 8081","timestamp":"2017-02-19T13:46:41.756Z"}
{"level":"info","message":"Send requests to http://dhost:8081","timestamp":"2017-02-19T13:46:41.757Z"}
{"api":{"port":8081},"mongodb":{"uri":"mongodb://172.17.0.2/cashier"},"level":"debug","message":"Starting cashier with configuration file:","timestamp":"2017-02-19T13:47:25.191Z"}
{"level":"info","message":"API is running on port 8081","timestamp":"2017-02-19T13:47:25.576Z"}
{"level":"info","message":"Send requests to http://dhost:8081","timestamp":"2017-02-19T13:47:25.577Z"}
{"api":{"port":8081},"mongodb":{"uri":"mongodb://172.17.0.2/cashier"},"level":"debug","message":"Starting cashier with configuration file:","timestamp":"2017-02-19T13:47:35.138Z"}
{"level":"info","message":"API is running on port 8081","timestamp":"2017-02-19T13:47:35.418Z"}
{"level":"info","message":"Send requests to http://dhost:8081","timestamp":"2017-02-19T13:47:35.419Z"}
{"api":{"port":8081},"mongodb":{"uri":"mongodb://172.17.0.2/cashier"},"level":"debug","message":"Starting cashier with configuration file:","timestamp":"2017-02-19T13:48:10.940Z"}
{"level":"info","message":"API is running on port 8081","timestamp":"2017-02-19T13:48:11.321Z"}
{"level":"info","message":"Send requests to http://dhost:8081","timestamp":"2017-02-19T13:48:11.322Z"}
{"api":{"port":8081},"mongodb":{"uri":"mongodb://172.17.0.2/cashier"},"level":"debug","message":"Starting cashier with configuration file:","timestamp":"2017-02-19T14:09:51.100Z"}
{"level":"info","message":"API is running on port 8081","timestamp":"2017-02-19T14:09:51.381Z"}
{"level":"info","message":"Send requests to http://dhost:8081","timestamp":"2017-02-19T14:09:51.382Z"}
{"api":{"port":8081},"mongodb":{"uri":"mongodb://172.17.0.2/cashier"},"level":"debug","message":"Starting cashier with configuration file:","timestamp":"2017-02-19T14:10:03.007Z"}
{"level":"info","message":"API is running on port 8081","timestamp":"2017-02-19T14:10:03.287Z"}
{"level":"info","message":"Send requests to http://dhost:8081","timestamp":"2017-02-19T14:10:03.287Z"}
{"api":{"port":8081},"mongodb":{"uri":"mongodb://172.17.0.2/cashier"},"level":"debug","message":"Starting cashier with configuration file:","timestamp":"2017-02-19T14:10:34.444Z"}
{"level":"info","message":"API is running on port 8081","timestamp":"2017-02-19T14:10:34.725Z"}
{"level":"info","message":"Send requests to http://dhost:8081","timestamp":"2017-02-19T14:10:34.725Z"}
{"api":{"port":8081},"mongodb":{"uri":"mongodb://172.17.0.2/cashier"},"level":"debug","message":"Starting cashier with configuration file:","timestamp":"2017-02-19T14:11:45.537Z"}
{"level":"info","message":"API is running on port 8081","timestamp":"2017-02-19T14:11:45.817Z"}
{"level":"info","message":"Send requests to http://dhost:8081","timestamp":"2017-02-19T14:11:45.818Z"}
{"api":{"port":8081},"mongodb":{"uri":"mongodb://172.17.0.2/cashier"},"level":"debug","message":"Starting cashier with configuration file:","timestamp":"2017-02-19T14:12:08.435Z"}
{"level":"info","message":"API is running on port 8081","timestamp":"2017-02-19T14:12:08.717Z"}
{"level":"info","message":"Send requests to http://dhost:8081","timestamp":"2017-02-19T14:12:08.717Z"}
{"api":{"port":8081},"mongodb":{"uri":"mongodb://172.17.0.2/cashier"},"level":"debug","message":"Starting cashier","timestamp":"2017-02-19T14:12:43.687Z"}
{"level":"info","message":"API is running on port 8081","timestamp":"2017-02-19T14:12:43.966Z"}
{"level":"info","message":"Send requests to http://dhost:8081","timestamp":"2017-02-19T14:12:43.966Z"}
{"level":"debug","message":"bank","timestamp":"2017-02-19T14:12:53.315Z"}
{"api":{"port":8081},"mongodb":{"uri":"mongodb://172.17.0.2/cashier"},"level":"debug","message":"Starting cashier","timestamp":"2017-02-19T14:13:30.029Z"}
{"level":"info","message":"API is running on port 8081","timestamp":"2017-02-19T14:13:30.309Z"}
{"level":"info","message":"Send requests to http://dhost:8081","timestamp":"2017-02-19T14:13:30.309Z"}
{"level":"debug","message":"bank","timestamp":"2017-02-19T14:13:34.485Z"}
{"api":{"port":8081},"mongodb":{"uri":"mongodb://172.17.0.2/cashier"},"level":"debug","message":"Starting cashier","timestamp":"2017-02-19T14:14:23.261Z"}
{"level":"info","message":"API is running on port 8081","timestamp":"2017-02-19T14:14:23.543Z"}
{"level":"info","message":"Send requests to http://dhost:8081","timestamp":"2017-02-19T14:14:23.543Z"}
{"level":"debug","message":"bank","timestamp":"2017-02-19T14:14:25.062Z"}
{"api":{"port":8081},"mongodb":{"uri":"mongodb://172.17.0.2/cashier"},"level":"debug","message":"Starting cashier","timestamp":"2017-02-19T14:16:36.915Z"}
{"level":"info","message":"API is running on port 8081","timestamp":"2017-02-19T14:16:37.210Z"}
{"level":"info","message":"Send requests to http://dhost:8081","timestamp":"2017-02-19T14:16:37.210Z"}
{"description":"My dummy bank","name":"Dummy","level":"debug","message":"bank","timestamp":"2017-02-19T14:16:40.094Z"}
{"api":{"port":8081},"mongodb":{"uri":"mongodb://172.17.0.2/cashier"},"level":"debug","message":"Starting cashier","timestamp":"2017-02-19T14:17:04.889Z"}
{"level":"info","message":"API is running on port 8081","timestamp":"2017-02-19T14:17:05.284Z"}
{"level":"info","message":"Send requests to http://dhost:8081","timestamp":"2017-02-19T14:17:05.284Z"}
{"api":{"port":8081},"mongodb":{"uri":"mongodb://172.17.0.2/cashier"},"level":"debug","message":"Starting cashier","timestamp":"2017-02-19T14:23:48.347Z"}
{"level":"info","message":"API is running on port 8081","timestamp":"2017-02-19T14:23:48.643Z"}
{"level":"info","message":"Send requests to http://dhost:8081","timestamp":"2017-02-19T14:23:48.643Z"}
{"description":"My dummy bank","name":"Dummy","level":"debug","message":"bank","timestamp":"2017-02-19T14:23:53.645Z"}
{"api":{"port":8081},"mongodb":{"uri":"mongodb://172.17.0.2/cashier"},"level":"debug","message":"Starting cashier","timestamp":"2017-02-19T14:33:32.575Z"}
{"level":"info","message":"API is running on port 8081","timestamp":"2017-02-19T14:33:32.880Z"}
{"level":"info","message":"Send requests to http://dhost:8081","timestamp":"2017-02-19T14:33:32.880Z"}
{"description":"My dummy bank","name":"Dummy","level":"debug","message":"bank","timestamp":"2017-02-19T14:33:36.251Z"}
{"api":{"port":8081},"mongodb":{"uri":"mongodb://172.17.0.2/cashier"},"level":"debug","message":"Starting cashier","timestamp":"2017-02-19T20:17:52.124Z"}
{"level":"info","message":"API is running on port 8081","timestamp":"2017-02-19T20:17:52.436Z"}
{"level":"info","message":"Send requests to http://dhost:8081","timestamp":"2017-02-19T20:17:52.436Z"}
{"body":{"description":"My dummy bank","name":"Dummy"},"level":"debug","message":"POST /banks","timestamp":"2017-02-19T20:17:55.305Z"}
{"api":{"port":8081},"mongodb":{"uri":"mongodb://172.17.0.2/cashier"},"level":"debug","message":"Starting cashier","timestamp":"2017-02-19T20:20:28.542Z"}
{"level":"info","message":"API is running on port 8081","timestamp":"2017-02-19T20:20:28.953Z"}
{"level":"info","message":"Send requests to http://dhost:8081","timestamp":"2017-02-19T20:20:28.954Z"}
{"api":{"port":8081},"mongodb":{"uri":"mongodb://172.17.0.2/cashier"},"level":"debug","message":"Starting cashier","timestamp":"2017-02-19T20:21:15.829Z"}
{"level":"info","message":"API is running on port 8081","timestamp":"2017-02-19T20:21:16.138Z"}
{"level":"info","message":"Send requests to http://dhost:8081","timestamp":"2017-02-19T20:21:16.138Z"}
{"description":"My dummy bank","name":"Dummy","level":"debug","message":"POST /banks","timestamp":"2017-02-19T20:21:24.266Z"}
{"api":{"port":8081},"mongodb":{"uri":"mongodb://172.17.0.2/cashier"},"level":"debug","message":"Starting cashier","timestamp":"2017-02-19T20:22:27.987Z"}
{"level":"info","message":"API is running on port 8081","timestamp":"2017-02-19T20:22:28.292Z"}
{"level":"info","message":"Send requests to http://dhost:8081","timestamp":"2017-02-19T20:22:28.292Z"}
{"description":"My dummy bank","name":"Dummy","level":"debug","message":"POST /banks","timestamp":"2017-02-19T20:22:35.661Z"}
{"description":"My dummy bank","name":"Dummy","level":"debug","message":"POST /banks","timestamp":"2017-02-19T20:24:30.776Z"}
{"api":{"port":8081},"mongodb":{"uri":"mongodb://172.17.0.2/cashier"},"level":"debug","message":"Starting cashier","timestamp":"2017-02-19T20:24:36.993Z"}
{"level":"info","message":"API is running on port 8081","timestamp":"2017-02-19T20:24:37.301Z"}
{"level":"info","message":"Send requests to http://dhost:8081","timestamp":"2017-02-19T20:24:37.302Z"}
{"description":"My dummy bank","name":"Dummy","level":"debug","message":"POST /banks","timestamp":"2017-02-19T20:24:39.510Z"}
{"api":{"port":8081},"mongodb":{"uri":"mongodb://172.17.0.2/cashier"},"level":"debug","message":"Starting cashier","timestamp":"2017-02-19T20:26:00.879Z"}
{"level":"info","message":"API is running on port 8081","timestamp":"2017-02-19T20:26:01.188Z"}
{"level":"info","message":"Send requests to http://dhost:8081","timestamp":"2017-02-19T20:26:01.188Z"}
{"description":"My dummy bank","name":"Dummy","level":"debug","message":"POST /banks","timestamp":"2017-02-19T20:26:03.819Z"}
{"api":{"port":8081},"mongodb":{"uri":"mongodb://172.17.0.2/cashier"},"level":"debug","message":"Starting cashier","timestamp":"2017-02-19T20:31:57.800Z"}
{"level":"info","message":"API is running on port 8081","timestamp":"2017-02-19T20:31:58.112Z"}
{"level":"info","message":"Send requests to http://dhost:8081","timestamp":"2017-02-19T20:31:58.112Z"}
{"description":"My dummy bank","name":"Dummy","level":"debug","message":"POST /banks","timestamp":"2017-02-19T20:32:01.362Z"}
{"$__":{"strictMode":true,"inserting":true,"getters":{},"wasPopulated":false,"activePaths":{"paths":{},"states":{"ignore":{},"default":{},"init":{},"modify":{},"require":{}},"stateNames":["require","modify","init","default","ignore"]},"emitter":{"domain":null,"_events":{},"_eventsCount":0,"_maxListeners":0}},"isNew":false,"_doc":{"accounts":[],"_id":{"_bsontype":"ObjectID","id":{"0":88,"1":170,"2":0,"3":193,"4":127,"5":98,"6":219,"7":55,"8":3,"9":140,"10":52,"11":174}},"name":"Dummy","description":"My dummy bank","created_at":"2017-02-19T20:32:01.374Z","updated_at":"2017-02-19T20:32:01.374Z","__v":0},"level":"debug","message":"bank created","timestamp":"2017-02-19T20:32:01.836Z"}
{"api":{"port":8081},"mongodb":{"uri":"mongodb://172.17.0.2/cashier"},"level":"debug","message":"Starting cashier","timestamp":"2017-02-19T20:37:33.143Z"}
{"level":"info","message":"API is running on port 8081","timestamp":"2017-02-19T20:37:33.453Z"}
{"level":"info","message":"Send requests to http://dhost:8081","timestamp":"2017-02-19T20:37:33.453Z"}
{"description":"My dummy bank","name":"Dummy","level":"debug","message":"POST /banks","timestamp":"2017-02-19T20:37:35.934Z"}
{"$__":{"strictMode":true,"inserting":true,"getters":{},"wasPopulated":false,"activePaths":{"paths":{},"states":{"ignore":{},"default":{},"init":{},"modify":{},"require":{}},"stateNames":["require","modify","init","default","ignore"]},"emitter":{"domain":null,"_events":{},"_eventsCount":0,"_maxListeners":0}},"isNew":false,"_doc":{"accounts":[],"_id":{"_bsontype":"ObjectID","id":{"0":88,"1":170,"2":2,"3":15,"4":74,"5":95,"6":59,"7":55,"8":243,"9":44,"10":43,"11":138}},"name":"Dummy","description":"My dummy bank","created_at":"2017-02-19T20:37:35.945Z","updated_at":"2017-02-19T20:37:35.945Z","__v":0},"level":"debug","message":"bank created","timestamp":"2017-02-19T20:37:35.966Z"}
{"api":{"port":8081},"mongodb":{"uri":"mongodb://172.17.0.2/cashier"},"level":"debug","message":"Starting cashier","timestamp":"2017-02-19T20:38:24.581Z"}
{"level":"info","message":"API is running on port 8081","timestamp":"2017-02-19T20:38:24.900Z"}
{"level":"info","message":"Send requests to http://dhost:8081","timestamp":"2017-02-19T20:38:24.900Z"}
{"description":"My dummy bank","name":"Dummy","level":"debug","message":"POST /banks","timestamp":"2017-02-19T20:38:28.907Z"}
{"$__":{"strictMode":true,"inserting":true,"getters":{},"wasPopulated":false,"activePaths":{"paths":{},"states":{"ignore":{},"default":{},"init":{},"modify":{},"require":{}},"stateNames":["require","modify","init","default","ignore"]},"emitter":{"domain":null,"_events":{},"_eventsCount":0,"_maxListeners":0}},"isNew":false,"_doc":{"accounts":[],"_id":{"_bsontype":"ObjectID","id":{"0":88,"1":170,"2":2,"3":68,"4":206,"5":228,"6":201,"7":56,"8":77,"9":162,"10":163,"11":249}},"name":"Dummy","description":"My dummy bank","created_at":"2017-02-19T20:38:28.917Z","updated_at":"2017-02-19T20:38:28.917Z","__v":0},"level":"debug","message":"bank created","timestamp":"2017-02-19T20:38:28.933Z"}
{"level":"debug","message":"GET /banks/58aa0244cee4c9384da2a3f9","timestamp":"2017-02-19T20:39:30.101Z"}
{"level":"debug","message":"GET /banks","timestamp":"2017-02-19T20:39:38.201Z"}
{"api":{"port":8081},"mongodb":{"uri":"mongodb://172.17.0.2/cashier"},"level":"debug","message":"Starting cashier","timestamp":"2017-02-19T20:40:42.202Z"}
{"level":"info","message":"API is running on port 8081","timestamp":"2017-02-19T20:40:42.512Z"}
{"level":"info","message":"Send requests to http://dhost:8081","timestamp":"2017-02-19T20:40:42.512Z"}
{"description":"My dummy bank 2","name":"Dummy 2","level":"debug","message":"POST /banks","timestamp":"2017-02-19T20:41:00.475Z"}
{"__v":0,"updated_at":"2017-02-19T20:41:00.486Z","created_at":"2017-02-19T20:41:00.486Z","description":"My dummy bank 2","name":"Dummy 2","_id":{"_bsontype":"ObjectID","id":{"0":88,"1":170,"2":2,"3":220,"4":89,"5":83,"6":135,"7":56,"8":220,"9":245,"10":84,"11":28}},"accounts":[],"level":"debug","message":"bank created","timestamp":"2017-02-19T20:41:00.499Z"}
{"api":{"port":8081},"mongodb":{"uri":"mongodb://172.17.0.2/cashier"},"level":"debug","message":"Starting cashier","timestamp":"2017-02-19T20:45:41.627Z"}
{"level":"info","message":"API is running on port 8081","timestamp":"2017-02-19T20:45:41.942Z"}
{"level":"info","message":"Send requests to http://dhost:8081","timestamp":"2017-02-19T20:45:41.942Z"}
{"level":"debug","message":"GET /banks","timestamp":"2017-02-19T20:45:48.741Z"}
{"0":{"$__":{"strictMode":true,"getters":{},"wasPopulated":false,"activePaths":{"paths":{"accounts":"init","__v":"init","name":"init","description":"init","created_at":"init","updated_at":"init","_id":"init"},"states":{"ignore":{},"default":{},"init":{"__v":true,"accounts":true,"name":true,"description":true,"created_at":true,"updated_at":true,"_id":true},"modify":{},"require":{}},"stateNames":["require","modify","init","default","ignore"]},"emitter":{"domain":null,"_events":{},"_eventsCount":0,"_maxListeners":0}},"isNew":false,"_doc":{"accounts":[],"__v":0,"name":"Dummy","description":"My dummy bank","created_at":"2017-02-19T20:32:01.374Z","updated_at":"2017-02-19T20:32:01.374Z","_id":{"_bsontype":"ObjectID","id":{"0":88,"1":170,"2":0,"3":193,"4":127,"5":98,"6":219,"7":55,"8":3,"9":140,"10":52,"11":174}}}},"1":{"$__":{"strictMode":true,"getters":{},"wasPopulated":false,"activePaths":{"paths":{"accounts":"init","__v":"init","name":"init","description":"init","created_at":"init","updated_at":"init","_id":"init"},"states":{"ignore":{},"default":{},"init":{"__v":true,"accounts":true,"name":true,"description":true,"created_at":true,"updated_at":true,"_id":true},"modify":{},"require":{}},"stateNames":{"$ref":"$[0][\"$__\"][\"activePaths\"][\"stateNames\"]"}},"emitter":{"domain":null,"_events":{},"_eventsCount":0,"_maxListeners":0}},"isNew":false,"_doc":{"accounts":[],"__v":0,"name":"Dummy","description":"My dummy bank","created_at":"2017-02-19T20:37:35.945Z","updated_at":"2017-02-19T20:37:35.945Z","_id":{"_bsontype":"ObjectID","id":{"0":88,"1":170,"2":2,"3":15,"4":74,"5":95,"6":59,"7":55,"8":243,"9":44,"10":43,"11":138}}}},"2":{"$__":{"strictMode":true,"getters":{},"wasPopulated":false,"activePaths":{"paths":{"accounts":"init","__v":"init","name":"init","description":"init","created_at":"init","updated_at":"init","_id":"init"},"states":{"ignore":{},"default":{},"init":{"__v":true,"accounts":true,"name":true,"description":true,"created_at":true,"updated_at":true,"_id":true},"modify":{},"require":{}},"stateNames":{"$ref":"$[0][\"$__\"][\"activePaths\"][\"stateNames\"]"}},"emitter":{"domain":null,"_events":{},"_eventsCount":0,"_maxListeners":0}},"isNew":false,"_doc":{"accounts":[],"__v":0,"name":"Dummy","description":"My dummy bank","created_at":"2017-02-19T20:38:28.917Z","updated_at":"2017-02-19T20:38:28.917Z","_id":{"_bsontype":"ObjectID","id":{"0":88,"1":170,"2":2,"3":68,"4":206,"5":228,"6":201,"7":56,"8":77,"9":162,"10":163,"11":249}}}},"3":{"$__":{"strictMode":true,"getters":{},"wasPopulated":false,"activePaths":{"paths":{"accounts":"init","__v":"init","name":"init","description":"init","created_at":"init","updated_at":"init","_id":"init"},"states":{"ignore":{},"default":{},"init":{"__v":true,"accounts":true,"name":true,"description":true,"created_at":true,"updated_at":true,"_id":true},"modify":{},"require":{}},"stateNames":{"$ref":"$[0][\"$__\"][\"activePaths\"][\"stateNames\"]"}},"emitter":{"domain":null,"_events":{},"_eventsCount":0,"_maxListeners":0}},"isNew":false,"_doc":{"accounts":[],"__v":0,"name":"Dummy 2","description":"My dummy bank 2","created_at":"2017-02-19T20:41:00.486Z","updated_at":"2017-02-19T20:41:00.486Z","_id":{"_bsontype":"ObjectID","id":{"0":88,"1":170,"2":2,"3":220,"4":89,"5":83,"6":135,"7":56,"8":220,"9":245,"10":84,"11":28}}}},"level":"info","message":"","timestamp":"2017-02-19T20:45:48.880Z"}
{"api":{"port":8081},"mongodb":{"uri":"mongodb://172.17.0.2/cashier"},"level":"debug","message":"Starting cashier","timestamp":"2017-02-19T20:46:33.279Z"}
{"level":"info","message":"API is running on port 8081","timestamp":"2017-02-19T20:46:33.591Z"}
{"level":"info","message":"Send requests to http://dhost:8081","timestamp":"2017-02-19T20:46:33.591Z"}
{"level":"debug","message":"GET /banks","timestamp":"2017-02-19T20:46:34.759Z"}
{"api":{"port":8081},"mongodb":{"uri":"mongodb://172.17.0.2/cashier"},"level":"debug","message":"Starting cashier","timestamp":"2017-02-19T20:47:14.621Z"}
{"level":"info","message":"API is running on port 8081","timestamp":"2017-02-19T20:47:14.928Z"}
{"level":"info","message":"Send requests to http://dhost:8081","timestamp":"2017-02-19T20:47:14.929Z"}
{"level":"debug","message":"GET /banks","timestamp":"2017-02-19T20:47:17.131Z"}
{"api":{"port":8081},"mongodb":{"uri":"mongodb://172.17.0.2/cashier"},"level":"debug","message":"Starting cashier","timestamp":"2017-02-19T20:48:08.102Z"}
{"level":"info","message":"API is running on port 8081","timestamp":"2017-02-19T20:48:08.418Z"}
{"level":"info","message":"Send requests to http://dhost:8081","timestamp":"2017-02-19T20:48:08.418Z"}
{"level":"debug","message":"GET /banks","timestamp":"2017-02-19T20:48:12.374Z"}
{"api":{"port":8081},"mongodb":{"uri":"mongodb://172.17.0.2/cashier"},"level":"debug","message":"Starting cashier","timestamp":"2017-02-19T20:57:59.156Z"}
{"level":"info","message":"API is running on port 8081","timestamp":"2017-02-19T20:57:59.464Z"}
{"level":"info","message":"Send requests to http://dhost:8081","timestamp":"2017-02-19T20:57:59.464Z"}
{"level":"debug","message":"GET /banks","timestamp":"2017-02-19T20:58:01.846Z"}
{"level":"debug","message":"GET /banks/58aa00c17f62db37038c34ae","timestamp":"2017-02-19T20:58:07.052Z"}
{"api":{"port":8081},"mongodb":{"uri":"mongodb://172.17.0.2/cashier"},"level":"debug","message":"Starting cashier","timestamp":"2017-02-19T20:58:57.171Z"}
{"level":"info","message":"API is running on port 8081","timestamp":"2017-02-19T20:58:57.480Z"}
{"level":"info","message":"Send requests to http://dhost:8081","timestamp":"2017-02-19T20:58:57.480Z"}
{"level":"debug","message":"GET /banks/58aa00c17f62db37038c34ae","timestamp":"2017-02-19T20:59:00.987Z"}
{"api":{"port":8081},"mongodb":{"uri":"mongodb://172.17.0.2/cashier"},"level":"debug","message":"Starting cashier","timestamp":"2017-02-19T20:59:18.820Z"}
{"level":"info","message":"API is running on port 8081","timestamp":"2017-02-19T20:59:19.132Z"}
{"level":"info","message":"Send requests to http://dhost:8081","timestamp":"2017-02-19T20:59:19.132Z"}
{"level":"debug","message":"GET /banks/58aa00c17f62db37038c34ae","timestamp":"2017-02-19T20:59:21.222Z"}
{"api":{"port":8081},"mongodb":{"uri":"mongodb://172.17.0.2/cashier"},"level":"debug","message":"Starting cashier","timestamp":"2017-02-19T21:01:27.168Z"}
{"level":"info","message":"API is running on port 8081","timestamp":"2017-02-19T21:01:27.477Z"}
{"level":"info","message":"Send requests to http://dhost:8081","timestamp":"2017-02-19T21:01:27.478Z"}
{"level":"debug","message":"GET /banks/58aa00c17f62db37038c34ae","timestamp":"2017-02-19T21:01:29.337Z"}
{"level":"debug","message":"GET /banks","timestamp":"2017-02-19T21:01:48.502Z"}
{"api":{"port":8081},"mongodb":{"uri":"mongodb://172.17.0.2/cashier"},"level":"debug","message":"Starting cashier","timestamp":"2017-02-19T21:02:05.283Z"}
{"level":"info","message":"API is running on port 8081","timestamp":"2017-02-19T21:02:05.595Z"}
{"level":"info","message":"Send requests to http://dhost:8081","timestamp":"2017-02-19T21:02:05.595Z"}
{"level":"debug","message":"GET /banks","timestamp":"2017-02-19T21:02:08.077Z"}
{"level":"debug","message":"GET /banks/58aa020f4a5f3b37f32c2b8a","timestamp":"2017-02-19T21:02:11.587Z"}
{"api":{"port":8081},"mongodb":{"uri":"mongodb://172.17.0.2/cashier"},"level":"debug","message":"Starting cashier","timestamp":"2017-02-19T21:23:51.484Z"}
{"level":"info","message":"API is running on port 8081","timestamp":"2017-02-19T21:23:52.310Z"}
{"level":"info","message":"Send requests to http://dhost:8081","timestamp":"2017-02-19T21:23:52.310Z"}
{"level":"debug","message":"GET /banks","timestamp":"2017-02-19T21:23:54.857Z"}
{"level":"debug","message":"DELETE /banks/58aa00c17f62db37038c34ae","timestamp":"2017-02-19T21:24:01.957Z"}
{"level":"debug","message":"GET /banks","timestamp":"2017-02-19T21:24:14.075Z"}
{"level":"debug","message":"DELETE /banks/58aa020f4a5f3b37f32c2b8a","timestamp":"2017-02-19T21:24:29.106Z"}
{"level":"debug","message":"GET /banks","timestamp":"2017-02-19T21:24:31.284Z"}
{"level":"debug","message":"DELETE /banks/58aa0244cee4c9384da2a3f9","timestamp":"2017-02-19T21:24:36.270Z"}
{"level":"debug","message":"GET /banks","timestamp":"2017-02-19T21:24:38.849Z"}
{"api":{"port":8081},"mongodb":{"uri":"mongodb://172.17.0.2/cashier"},"level":"debug","message":"Starting cashier","timestamp":"2017-02-19T21:32:58.772Z"}
{"level":"info","message":"API is running on port 8081","timestamp":"2017-02-19T21:32:59.081Z"}
{"level":"info","message":"Send requests to http://dhost:8081","timestamp":"2017-02-19T21:32:59.081Z"}
{"level":"debug","message":"GET /banks","timestamp":"2017-02-19T21:33:02.098Z"}
{"description":"Not so dummy bank","name":"Dummy 3","level":"debug","message":"POST /banks/58aa02dc59538738dcf5541c","timestamp":"2017-02-19T21:33:29.220Z"}
{"description":"Not so dummy bank","name":"Dummy 3","level":"debug","message":"PUT /banks/58aa02dc59538738dcf5541c","timestamp":"2017-02-19T21:33:37.120Z"}
{"api":{"port":8081},"mongodb":{"uri":"mongodb://172.17.0.2/cashier"},"level":"debug","message":"Starting cashier","timestamp":"2017-02-19T21:34:07.707Z"}
{"level":"info","message":"API is running on port 8081","timestamp":"2017-02-19T21:34:08.013Z"}
{"level":"info","message":"Send requests to http://dhost:8081","timestamp":"2017-02-19T21:34:08.013Z"}
{"description":"Not so dummy bank","name":"Dummy 3","level":"debug","message":"PUT /banks/58aa02dc59538738dcf5541c","timestamp":"2017-02-19T21:34:11.689Z"}
{"api":{"port":8081},"mongodb":{"uri":"mongodb://172.17.0.2/cashier"},"level":"debug","message":"Starting cashier","timestamp":"2017-02-19T21:34:25.422Z"}
{"level":"info","message":"API is running on port 8081","timestamp":"2017-02-19T21:34:25.729Z"}
{"level":"info","message":"Send requests to http://dhost:8081","timestamp":"2017-02-19T21:34:25.730Z"}
{"description":"Not so dummy bank","name":"Dummy 3","level":"debug","message":"PUT /banks/58aa02dc59538738dcf5541c","timestamp":"2017-02-19T21:34:27.930Z"}
{"level":"debug","message":"GET /banks","timestamp":"2017-02-19T21:34:37.980Z"}
{"api":{"port":8081},"mongodb":{"uri":"mongodb://172.17.0.2/cashier"},"level":"debug","message":"Starting cashier","timestamp":"2017-02-19T21:35:36.730Z"}
{"level":"info","message":"API is running on port 8081","timestamp":"2017-02-19T21:35:37.045Z"}
{"level":"info","message":"Send requests to http://dhost:8081","timestamp":"2017-02-19T21:35:37.046Z"}
{"level":"debug","message":"GET /banks","timestamp":"2017-02-19T21:35:41.242Z"}
{"description":"Wow, what a bank","name":"Dummy 4","level":"debug","message":"PUT /banks/58aa02dc59538738dcf5541c","timestamp":"2017-02-19T21:35:57.606Z"}
{"level":"debug","message":"GET /banks","timestamp":"2017-02-19T21:36:03.668Z"}
{"api":{"port":8081},"mongodb":{"uri":"mongodb://172.17.0.2/cashier"},"level":"debug","message":"Starting cashier","timestamp":"2017-02-19T21:39:54.933Z"}
{"level":"info","message":"API is running on port 8081","timestamp":"2017-02-19T21:39:55.240Z"}
{"level":"info","message":"Send requests to http://dhost:8081","timestamp":"2017-02-19T21:39:55.241Z"}
{"level":"debug","message":"GET /banks","timestamp":"2017-02-19T21:40:00.009Z"}
{"description":"Starting to get dummy again","name":"Dummy 5","level":"debug","message":"PUT /banks/58aa02dc59538738dcf5541c","timestamp":"2017-02-19T21:40:11.862Z"}
{"level":"debug","message":"GET /banks","timestamp":"2017-02-19T21:40:14.502Z"}
{"api":{"port":8081},"mongodb":{"uri":"mongodb://172.17.0.2/cashier"},"level":"debug","message":"Starting cashier","timestamp":"2017-02-19T21:42:05.520Z"}
{"level":"info","message":"API is running on port 8081","timestamp":"2017-02-19T21:42:05.831Z"}
{"level":"info","message":"Send requests to http://dhost:8081","timestamp":"2017-02-19T21:42:05.832Z"}
{"level":"debug","message":"GET /banks","timestamp":"2017-02-19T21:42:17.734Z"}
{"description":"That's a mess!","name":"Dummy 6","level":"debug","message":"PUT /banks/58aa02dc59538738dcf5541c","timestamp":"2017-02-19T21:42:19.564Z"}
{"level":"debug","message":"GET /banks","timestamp":"2017-02-19T21:42:24.161Z"}
{"level":"debug","message":"GET /banks","timestamp":"2017-02-19T21:42:24.861Z"}
